4/24/2018 5:41:55 PM	This log contains information about the import schema operation into project 'TMedsoft.Database' on computer 'DEV-PC' by user 'ildar'.
4/24/2018 5:41:56 PM	Import of database schema has started.
4/24/2018 5:42:03 PM	Gathering database credentials
4/24/2018 5:42:03 PM	Gathering database options
4/24/2018 5:42:03 PM	Gathering users
4/24/2018 5:42:03 PM	Gathering roles
4/24/2018 5:42:03 PM	Gathering application roles
4/24/2018 5:42:03 PM	Gathering role memberships
4/24/2018 5:42:03 PM	Gathering filegroups
4/24/2018 5:42:03 PM	Gathering full-text catalogs
4/24/2018 5:42:03 PM	Gathering assemblies
4/24/2018 5:42:03 PM	Gathering certificates
4/24/2018 5:42:03 PM	Gathering asymmetric keys
4/24/2018 5:42:03 PM	Gathering symmetric keys
4/24/2018 5:42:03 PM	Gathering encrypted symmetric keys
4/24/2018 5:42:03 PM	Gathering schemas
4/24/2018 5:42:03 PM	Gathering XML schema collections
4/24/2018 5:42:03 PM	Gathering user-defined data types
4/24/2018 5:42:03 PM	Gathering user-defined types
4/24/2018 5:42:03 PM	Gathering table types
4/24/2018 5:42:03 PM	Gathering unique keys for table types
4/24/2018 5:42:03 PM	Gathering primary keys for table types
4/24/2018 5:42:03 PM	Gathering indexes for table types
4/24/2018 5:42:03 PM	Gathering check constraints for table types
4/24/2018 5:42:03 PM	Gathering default constraints for table types
4/24/2018 5:42:03 PM	Gathering partition functions
4/24/2018 5:42:03 PM	Gathering partition schemes
4/24/2018 5:42:03 PM	Gathering functions
4/24/2018 5:42:03 PM	Gathering encrypted functions
4/24/2018 5:42:03 PM	Gathering aggregates
4/24/2018 5:42:03 PM	Gathering procedures
4/24/2018 5:42:03 PM	Gathering encrypted procedures
4/24/2018 5:42:03 PM	Gathering tables
4/24/2018 5:42:03 PM	Gathering primary keys
4/24/2018 5:42:03 PM	Gathering unique constraints
4/24/2018 5:42:03 PM	Gathering foreign keys
4/24/2018 5:42:03 PM	Gathering default constraints
4/24/2018 5:42:03 PM	Gathering check constraints
4/24/2018 5:42:03 PM	Gathering views
4/24/2018 5:42:03 PM	Gathering encrypted views
4/24/2018 5:42:03 PM	Gathering indexes
4/24/2018 5:42:03 PM	Gathering statistics
4/24/2018 5:42:03 PM	Gathering full-text index stoplists
4/24/2018 5:42:03 PM	Gathering search property lists
4/24/2018 5:42:03 PM	Gathering search properties
4/24/2018 5:42:03 PM	Gathering full-text indexes
4/24/2018 5:42:03 PM	Gathering column store indexes
4/24/2018 5:42:03 PM	Gathering spatial indexes
4/24/2018 5:42:03 PM	Gathering XML indexes
4/24/2018 5:42:03 PM	Gathering Selective XML indexes
4/24/2018 5:42:03 PM	Gathering encrypted triggers
4/24/2018 5:42:03 PM	Gathering triggers
4/24/2018 5:42:03 PM	Gathering encrypted and clr ddl triggers
4/24/2018 5:42:03 PM	Gathering ddl triggers
4/24/2018 5:42:03 PM	Gathering synonyms
4/24/2018 5:42:03 PM	Gathering defaults
4/24/2018 5:42:03 PM	Gathering data constraint uddt bindings
4/24/2018 5:42:03 PM	Gathering rules
4/24/2018 5:42:03 PM	Gathering data constraint uddt bindings
4/24/2018 5:42:03 PM	Gathering message types
4/24/2018 5:42:03 PM	Gathering queues
4/24/2018 5:42:03 PM	Gathering contracts
4/24/2018 5:42:03 PM	Gathering services
4/24/2018 5:42:03 PM	Gathering event notifications
4/24/2018 5:42:03 PM	Gathering remote service bindings
4/24/2018 5:42:03 PM	Gathering broker priorities
4/24/2018 5:42:03 PM	Gathering signatures
4/24/2018 5:42:03 PM	Gathering data compression options
4/24/2018 5:42:03 PM	Gathering sequence types
4/24/2018 5:42:03 PM	Gathering security policies
4/24/2018 5:42:03 PM	Gather column encryption keys
4/24/2018 5:42:03 PM	Gathering column master keys
4/24/2018 5:42:03 PM	Gathering external data sources
4/24/2018 5:42:03 PM	Gathering external file formats
4/24/2018 5:42:03 PM	Gathering external tables
4/24/2018 5:42:03 PM	Gathering extended properties
4/24/2018 5:42:05 PM	Scanning project for duplicate elements
4/24/2018 5:42:05 PM	Finished duplicate element processing
4/24/2018 5:42:06 PM	Finished importing database.
4/24/2018 5:42:06 PM	A summary of the import was saved to the following location: F:\My documents\TMedsoft\TMedsoft.Database\Import Schema Logs\TMedsoft.Database_20180424024155.log
4/24/2018 5:42:06 PM	Click Finish to continue...
